<?xml version="1.0" encoding="UTF-8"?>
<testsuite xmlns:xsi="http://www.w3.org/2001/XMLSchema-instance" xsi:noNamespaceSchemaLocation="https://maven.apache.org/surefire/maven-surefire-plugin/xsd/surefire-test-report-3.0.xsd" version="3.0" name="com.bds.library.repository.BookRepositoryTest" time="0.187" tests="11" errors="0" skipped="0" failures="0">
  <properties>
[...]
</properties>
  <testcase name="testSaveBook" classname="com.bds.library.repository.BookRepositoryTest" time="0.018">
    <system-out><![CDATA[2025-11-19T12:02:21.125+05:30  INFO 9976 --- [           main] t.c.s.AnnotationConfigContextLoaderUtils : Could not detect default configuration classes for test class [com.bds.library.repository.BookRepositoryTest]: BookRepositoryTest does not declare any static, non-private, non-final, nested classes annotated with @Configuration.
2025-11-19T12:02:21.132+05:30  INFO 9976 --- [           main] .b.t.c.SpringBootTestContextBootstrapper : Found @SpringBootConfiguration com.bds.library.LibraryManagementApplication for test class com.bds.library.repository.BookRepositoryTest
Hibernate: 
    insert 
    into
        authors
        (biography,country,email,name,id) 
    values
        (?,?,?,?,default)
Hibernate: 
    insert 
    into
        books
        (author_id,description,genre,isbn,pages,price,published_date,title,id) 
    values
        (?,?,?,?,?,?,?,?,default)
]]></system-out>
  </testcase>
  <testcase name="testFindBookById" classname="com.bds.library.repository.BookRepositoryTest" time="0">
    <system-out><![CDATA[Hibernate: 
    insert 
    into
        authors
        (biography,country,email,name,id) 
    values
        (?,?,?,?,default)
Hibernate: 
    insert 
    into
        books
        (author_id,description,genre,isbn,pages,price,published_date,title,id) 
    values
        (?,?,?,?,?,?,?,?,default)
]]></system-out>
  </testcase>
  <testcase name="testUpdateBook" classname="com.bds.library.repository.BookRepositoryTest" time="0.015">
    <system-out><![CDATA[Hibernate: 
    insert 
    into
        authors
        (biography,country,email,name,id) 
    values
        (?,?,?,?,default)
Hibernate: 
    insert 
    into
        books
        (author_id,description,genre,isbn,pages,price,published_date,title,id) 
    values
        (?,?,?,?,?,?,?,?,default)
]]></system-out>
  </testcase>
  <testcase name="testFindBooksByPriceRange" classname="com.bds.library.repository.BookRepositoryTest" time="0.017">
    <system-out><![CDATA[Hibernate: 
    insert 
    into
        authors
        (biography,country,email,name,id) 
    values
        (?,?,?,?,default)
Hibernate: 
    insert 
    into
        books
        (author_id,description,genre,isbn,pages,price,published_date,title,id) 
    values
        (?,?,?,?,?,?,?,?,default)
Hibernate: 
    select
        b1_0.id,
        b1_0.author_id,
        b1_0.description,
        b1_0.genre,
        b1_0.isbn,
        b1_0.pages,
        b1_0.price,
        b1_0.published_date,
        b1_0.title 
    from
        books b1_0 
    where
        b1_0.price between ? and ?
]]></system-out>
  </testcase>
  <testcase name="testFindBookByIsbn" classname="com.bds.library.repository.BookRepositoryTest" time="0.016">
    <system-out><![CDATA[Hibernate: 
    insert 
    into
        authors
        (biography,country,email,name,id) 
    values
        (?,?,?,?,default)
Hibernate: 
    insert 
    into
        books
        (author_id,description,genre,isbn,pages,price,published_date,title,id) 
    values
        (?,?,?,?,?,?,?,?,default)
Hibernate: 
    select
        b1_0.id,
        b1_0.author_id,
        b1_0.description,
        b1_0.genre,
        b1_0.isbn,
        b1_0.pages,
        b1_0.price,
        b1_0.published_date,
        b1_0.title 
    from
        books b1_0 
    where
        b1_0.isbn=?
]]></system-out>
  </testcase>
  <testcase name="testFindBooksByAuthorId" classname="com.bds.library.repository.BookRepositoryTest" time="0.017">
    <system-out><![CDATA[Hibernate: 
    insert 
    into
        authors
        (biography,country,email,name,id) 
    values
        (?,?,?,?,default)
Hibernate: 
    insert 
    into
        books
        (author_id,description,genre,isbn,pages,price,published_date,title,id) 
    values
        (?,?,?,?,?,?,?,?,default)
Hibernate: 
    select
        b1_0.id,
        b1_0.author_id,
        b1_0.description,
        b1_0.genre,
        b1_0.isbn,
        b1_0.pages,
        b1_0.price,
        b1_0.published_date,
        b1_0.title 
    from
        books b1_0 
    where
        b1_0.author_id=?
]]></system-out>
  </testcase>
  <testcase name="testFindBooksWithAuthorsByGenre" classname="com.bds.library.repository.BookRepositoryTest" time="0.022">
    <system-out><![CDATA[Hibernate: 
    insert 
    into
        authors
        (biography,country,email,name,id) 
    values
        (?,?,?,?,default)
Hibernate: 
    insert 
    into
        books
        (author_id,description,genre,isbn,pages,price,published_date,title,id) 
    values
        (?,?,?,?,?,?,?,?,default)
Hibernate: 
    select
        b1_0.id,
        b1_0.title,
        b1_0.isbn,
        b1_0.price,
        b1_0.genre,
        b1_0.author_id,
        a1_0.name,
        a1_0.email,
        a1_0.country 
    from
        books b1_0 
    join
        authors a1_0 
            on a1_0.id=b1_0.author_id 
    where
        b1_0.genre=?
]]></system-out>
  </testcase>
  <testcase name="testDeleteBook" classname="com.bds.library.repository.BookRepositoryTest" time="0.007">
    <system-out><![CDATA[Hibernate: 
    insert 
    into
        authors
        (biography,country,email,name,id) 
    values
        (?,?,?,?,default)
Hibernate: 
    insert 
    into
        books
        (author_id,description,genre,isbn,pages,price,published_date,title,id) 
    values
        (?,?,?,?,?,?,?,?,default)
]]></system-out>
  </testcase>
  <testcase name="testFindBooksByGenre" classname="com.bds.library.repository.BookRepositoryTest" time="0.02">
    <system-out><![CDATA[Hibernate: 
    insert 
    into
        authors
        (biography,country,email,name,id) 
    values
        (?,?,?,?,default)
Hibernate: 
    insert 
    into
        books
        (author_id,description,genre,isbn,pages,price,published_date,title,id) 
    values
        (?,?,?,?,?,?,?,?,default)
Hibernate: 
    insert 
    into
        books
        (author_id,description,genre,isbn,pages,price,published_date,title,id) 
    values
        (?,?,?,?,?,?,?,?,default)
Hibernate: 
    select
        b1_0.id,
        b1_0.author_id,
        b1_0.description,
        b1_0.genre,
        b1_0.isbn,
        b1_0.pages,
        b1_0.price,
        b1_0.published_date,
        b1_0.title 
    from
        books b1_0 
    where
        b1_0.genre=?
]]></system-out>
  </testcase>
  <testcase name="testFindByTitleContainingIgnoreCase" classname="com.bds.library.repository.BookRepositoryTest" time="0">
    <system-out><![CDATA[Hibernate: 
    insert 
    into
        authors
        (biography,country,email,name,id) 
    values
        (?,?,?,?,default)
Hibernate: 
    insert 
    into
        books
        (author_id,description,genre,isbn,pages,price,published_date,title,id) 
    values
        (?,?,?,?,?,?,?,?,default)
Hibernate: 
    select
        b1_0.id,
        b1_0.author_id,
        b1_0.description,
        b1_0.genre,
        b1_0.isbn,
        b1_0.pages,
        b1_0.price,
        b1_0.published_date,
        b1_0.title 
    from
        books b1_0 
    where
        upper(b1_0.title) like upper(?) escape '\'
]]></system-out>
  </testcase>
  <testcase name="testFindAllBooksWithAuthors" classname="com.bds.library.repository.BookRepositoryTest" time="0.018">
    <system-out><![CDATA[Hibernate: 
    insert 
    into
        authors
        (biography,country,email,name,id) 
    values
        (?,?,?,?,default)
Hibernate: 
    insert 
    into
        books
        (author_id,description,genre,isbn,pages,price,published_date,title,id) 
    values
        (?,?,?,?,?,?,?,?,default)
Hibernate: 
    select
        b1_0.id,
        b1_0.title,
        b1_0.isbn,
        b1_0.price,
        b1_0.genre,
        b1_0.author_id,
        a1_0.name,
        a1_0.email,
        a1_0.country 
    from
        books b1_0 
    join
        authors a1_0 
            on a1_0.id=b1_0.author_id
]]></system-out>
  </testcase>
</testsuite>