<?xml version="1.0" encoding="UTF-8"?>
<testsuite xmlns:xsi="http://www.w3.org/2001/XMLSchema-instance" xsi:noNamespaceSchemaLocation="https://maven.apache.org/surefire/maven-surefire-plugin/xsd/surefire-test-report-3.0.xsd" version="3.0" name="com.bds.library.repository.AuthorRepositoryTest" time="4.144" tests="8" errors="0" skipped="0" failures="0">
  <properties>
[...]
</properties>
  <testcase name="testFindAllAuthors" classname="com.bds.library.repository.AuthorRepositoryTest" time="0.55">
    <system-out><![CDATA[12:02:17.145 [main] INFO org.springframework.test.context.support.AnnotationConfigContextLoaderUtils -- Could not detect default configuration classes for test class [com.bds.library.repository.AuthorRepositoryTest]: AuthorRepositoryTest does not declare any static, non-private, non-final, nested classes annotated with @Configuration.
12:02:17.271 [main] INFO org.springframework.boot.test.context.SpringBootTestContextBootstrapper -- Found @SpringBootConfiguration com.bds.library.LibraryManagementApplication for test class com.bds.library.repository.AuthorRepositoryTest

  .   ____          _            __ _ _
 /\\ / ___'_ __ _ _(_)_ __  __ _ \ \ \ \
( ( )\___ | '_ | '_| | '_ \/ _` | \ \ \ \
 \\/  ___)| |_)| | | | | || (_| |  ) ) ) )
  '  |____| .__|_| |_|_| |_\__, | / / / /
 =========|_|==============|___/=/_/_/_/
 :: Spring Boot ::                (v3.1.5)

2025-11-19T12:02:17.648+05:30  INFO 9976 --- [           main] c.b.l.repository.AuthorRepositoryTest    : Starting AuthorRepositoryTest using Java 21.0.1 with PID 9976 (started by user in C:\Users\user\Downloads\BSC CS\S3 T2\BDS\BDS Assignment 2)
2025-11-19T12:02:17.648+05:30 DEBUG 9976 --- [           main] c.b.l.repository.AuthorRepositoryTest    : Running with Spring Boot v3.1.5, Spring v6.0.13
2025-11-19T12:02:17.648+05:30  INFO 9976 --- [           main] c.b.l.repository.AuthorRepositoryTest    : No active profile set, falling back to 1 default profile: "default"
2025-11-19T12:02:17.956+05:30  INFO 9976 --- [           main] .s.d.r.c.RepositoryConfigurationDelegate : Bootstrapping Spring Data JPA repositories in DEFAULT mode.
2025-11-19T12:02:18.024+05:30  INFO 9976 --- [           main] .s.d.r.c.RepositoryConfigurationDelegate : Finished Spring Data repository scanning in 48 ms. Found 2 JPA repository interfaces.
2025-11-19T12:02:18.070+05:30  INFO 9976 --- [           main] beddedDataSourceBeanFactoryPostProcessor : Replacing 'dataSource' DataSource bean with embedded version
2025-11-19T12:02:18.233+05:30  INFO 9976 --- [           main] o.s.j.d.e.EmbeddedDatabaseFactory        : Starting embedded database: url='jdbc:h2:mem:f241f371-91ff-41d6-843e-b6c9263c05c2;DB_CLOSE_DELAY=-1;DB_CLOSE_ON_EXIT=false', username='sa'
2025-11-19T12:02:18.465+05:30  INFO 9976 --- [           main] o.hibernate.jpa.internal.util.LogHelper  : HHH000204: Processing PersistenceUnitInfo [name: default]
2025-11-19T12:02:18.513+05:30  INFO 9976 --- [           main] org.hibernate.Version                    : HHH000412: Hibernate ORM core version 6.2.13.Final
2025-11-19T12:02:18.513+05:30  INFO 9976 --- [           main] org.hibernate.cfg.Environment            : HHH000406: Using bytecode reflection optimizer
2025-11-19T12:02:18.803+05:30  INFO 9976 --- [           main] o.s.o.j.p.SpringPersistenceUnitInfo      : No LoadTimeWeaver setup: ignoring JPA class transformer
2025-11-19T12:02:18.850+05:30  WARN 9976 --- [           main] org.hibernate.orm.deprecation            : HHH90000025: H2Dialect does not need to be specified explicitly using 'hibernate.dialect' (remove the property setting and it will be selected by default)
2025-11-19T12:02:19.613+05:30  INFO 9976 --- [           main] o.h.e.t.j.p.i.JtaPlatformInitiator       : HHH000489: No JTA platform available (set 'hibernate.transaction.jta.platform' to enable JTA platform integration)
Hibernate: 
    drop table if exists authors cascade 
Hibernate: 
    drop table if exists books cascade 
Hibernate: 
    create table authors (
        id bigint generated by default as identity,
        country varchar(50),
        email varchar(100) unique,
        name varchar(100) not null,
        biography TEXT,
        primary key (id)
    )
Hibernate: 
    create table books (
        pages integer check (pages>=0),
        price float(53) check (price>=0),
        published_date date,
        author_id bigint not null,
        id bigint generated by default as identity,
        isbn varchar(20) unique,
        genre varchar(50),
        title varchar(200) not null,
        description TEXT,
        primary key (id)
    )
Hibernate: 
    alter table if exists books 
       add constraint FKfjixh2vym2cvfj3ufxj91jem7 
       foreign key (author_id) 
       references authors
2025-11-19T12:02:19.652+05:30  INFO 9976 --- [           main] j.LocalContainerEntityManagerFactoryBean : Initialized JPA EntityManagerFactory for persistence unit 'default'
2025-11-19T12:02:19.920+05:30  INFO 9976 --- [           main] o.s.d.j.r.query.QueryEnhancerFactory     : Hibernate is in classpath; If applicable, HQL parser will be used.
2025-11-19T12:02:20.464+05:30  INFO 9976 --- [           main] c.b.l.repository.AuthorRepositoryTest    : Started AuthorRepositoryTest in 3.112 seconds (process running for 3.948)
Hibernate: 
    insert 
    into
        authors
        (biography,country,email,name,id) 
    values
        (?,?,?,?,default)
Hibernate: 
    insert 
    into
        authors
        (biography,country,email,name,id) 
    values
        (?,?,?,?,default)
Hibernate: 
    select
        a1_0.id,
        a1_0.biography,
        a1_0.country,
        a1_0.email,
        a1_0.name 
    from
        authors a1_0
]]></system-out>
    <system-err><![CDATA[WARNING: A Java agent has been loaded dynamically (C:\Users\user\.m2\repository\net\bytebuddy\byte-buddy-agent\1.14.9\byte-buddy-agent-1.14.9.jar)
WARNING: If a serviceability tool is in use, please run with -XX:+EnableDynamicAgentLoading to hide this warning
WARNING: If a serviceability tool is not in use, please run with -Djdk.instrument.traceUsage for more information
WARNING: Dynamic loading of agents will be disallowed by default in a future release
]]></system-err>
  </testcase>
  <testcase name="testFindAuthorByEmail" classname="com.bds.library.repository.AuthorRepositoryTest" time="0.014">
    <system-out><![CDATA[Hibernate: 
    insert 
    into
        authors
        (biography,country,email,name,id) 
    values
        (?,?,?,?,default)
Hibernate: 
    select
        a1_0.id,
        a1_0.biography,
        a1_0.country,
        a1_0.email,
        a1_0.name 
    from
        authors a1_0 
    where
        a1_0.email=?
]]></system-out>
  </testcase>
  <testcase name="testUpdateAuthor" classname="com.bds.library.repository.AuthorRepositoryTest" time="0.018">
    <system-out><![CDATA[Hibernate: 
    insert 
    into
        authors
        (biography,country,email,name,id) 
    values
        (?,?,?,?,default)
]]></system-out>
  </testcase>
  <testcase name="testDeleteAuthor" classname="com.bds.library.repository.AuthorRepositoryTest" time="0.016">
    <system-out><![CDATA[Hibernate: 
    insert 
    into
        authors
        (biography,country,email,name,id) 
    values
        (?,?,?,?,default)
]]></system-out>
  </testcase>
  <testcase name="testSaveAuthor" classname="com.bds.library.repository.AuthorRepositoryTest" time="0">
    <system-out><![CDATA[Hibernate: 
    insert 
    into
        authors
        (biography,country,email,name,id) 
    values
        (?,?,?,?,default)
]]></system-out>
  </testcase>
  <testcase name="testFindByNameContainingIgnoreCase" classname="com.bds.library.repository.AuthorRepositoryTest" time="0.018">
    <system-out><![CDATA[Hibernate: 
    insert 
    into
        authors
        (biography,country,email,name,id) 
    values
        (?,?,?,?,default)
Hibernate: 
    select
        a1_0.id,
        a1_0.biography,
        a1_0.country,
        a1_0.email,
        a1_0.name 
    from
        authors a1_0 
    where
        upper(a1_0.name) like upper(?) escape '\'
]]></system-out>
  </testcase>
  <testcase name="testFindAuthorById" classname="com.bds.library.repository.AuthorRepositoryTest" time="0.015">
    <system-out><![CDATA[Hibernate: 
    insert 
    into
        authors
        (biography,country,email,name,id) 
    values
        (?,?,?,?,default)
]]></system-out>
  </testcase>
  <testcase name="testFindAuthorsByCountry" classname="com.bds.library.repository.AuthorRepositoryTest" time="0">
    <system-out><![CDATA[Hibernate: 
    insert 
    into
        authors
        (biography,country,email,name,id) 
    values
        (?,?,?,?,default)
Hibernate: 
    insert 
    into
        authors
        (biography,country,email,name,id) 
    values
        (?,?,?,?,default)
Hibernate: 
    select
        a1_0.id,
        a1_0.biography,
        a1_0.country,
        a1_0.email,
        a1_0.name 
    from
        authors a1_0 
    where
        a1_0.country=?
]]></system-out>
  </testcase>
</testsuite>